<?xml version="1.0" encoding="UTF-8"?>
<!-- Generated by org.testng.reporters.JUnitReportReporter -->
<testsuite skipped="0" hostname="PALANIAPPAN" name="e1_gitTest.E1_SampleTest" tests="1" failures="0" timestamp="01 Apr 2022 02:41:34 GMT" time="13.054" errors="0">
  <testcase name="test" time="13.054" classname="e1_gitTest.E1_SampleTest"/>
</testsuite> <!-- e1_gitTest.E1_SampleTest -->
